<?xml version="1.0" encoding="UTF-8"?>
<testng-results skipped="0" failed="0" total="3" passed="3">
  <reporter-output>
  </reporter-output>
  <suite name="Default suite" duration-ms="3942" started-at="2016-03-10T05:27:57Z" finished-at="2016-03-10T05:28:00Z">
    <groups>
    </groups>
    <test name="Default test" duration-ms="3942" started-at="2016-03-10T05:27:57Z" finished-at="2016-03-10T05:28:00Z">
      <class name="com.ontestautomation.restassured.authentication.RestAssuredAuthenticationTest">
        <test-method status="PASS" signature="requestToken(org.testng.ITestContext)[pri:0, instance:com.ontestautomation.restassured.authentication.RestAssuredAuthenticationTest@2d6a9952]" name="requestToken" is-config="true" duration-ms="4220" started-at="2016-03-10T06:27:52Z" finished-at="2016-03-10T06:27:57Z">
          <params>
            <param index="0">
              <value>
                <![CDATA[org.testng.TestRunner@6fa590ba]]>
              </value>
            </param>
          </params>
          <reporter-output>
          </reporter-output>
        </test-method> <!-- requestToken -->
        <test-method status="PASS" signature="checkNumberOfAssociatedPaymentsIsEqualToZero(org.testng.ITestContext)[pri:0, instance:com.ontestautomation.restassured.authentication.RestAssuredAuthenticationTest@2d6a9952]" name="checkNumberOfAssociatedPaymentsIsEqualToZero" duration-ms="1307" started-at="2016-03-10T06:27:57Z" finished-at="2016-03-10T06:27:58Z">
          <params>
            <param index="0">
              <value>
                <![CDATA[org.testng.TestRunner@6fa590ba]]>
              </value>
            </param>
          </params>
          <reporter-output>
          </reporter-output>
        </test-method> <!-- checkNumberOfAssociatedPaymentsIsEqualToZero -->
        <test-method status="PASS" signature="checkUserInfoContainsUserId(org.testng.ITestContext)[pri:0, instance:com.ontestautomation.restassured.authentication.RestAssuredAuthenticationTest@2d6a9952]" name="checkUserInfoContainsUserId" duration-ms="1480" started-at="2016-03-10T06:27:58Z" finished-at="2016-03-10T06:27:59Z">
          <params>
            <param index="0">
              <value>
                <![CDATA[org.testng.TestRunner@6fa590ba]]>
              </value>
            </param>
          </params>
          <reporter-output>
          </reporter-output>
        </test-method> <!-- checkUserInfoContainsUserId -->
        <test-method status="PASS" signature="dummy()[pri:0, instance:com.ontestautomation.restassured.authentication.RestAssuredAuthenticationTest@2d6a9952]" name="dummy" duration-ms="1142" started-at="2016-03-10T06:27:59Z" finished-at="2016-03-10T06:28:00Z">
          <reporter-output>
          </reporter-output>
        </test-method> <!-- dummy -->
      </class> <!-- com.ontestautomation.restassured.authentication.RestAssuredAuthenticationTest -->
    </test> <!-- Default test -->
  </suite> <!-- Default suite -->
</testng-results>
