<?xml version="1.0" encoding="UTF-8"?>
<!-- Generated by org.testng.reporters.JUnitXMLReporter -->
<testsuite hostname="Bas" name="Default test" tests="3" failures="0" timestamp="10 Mar 2016 05:28:00 GMT" time="3.942" errors="0">
  <testcase name="checkNumberOfAssociatedPaymentsIsEqualToZero" time="1.307" classname="com.ontestautomation.restassured.authentication.RestAssuredAuthenticationTest"/>
  <testcase name="checkUserInfoContainsUserId" time="1.48" classname="com.ontestautomation.restassured.authentication.RestAssuredAuthenticationTest"/>
  <testcase name="dummy" time="1.142" classname="com.ontestautomation.restassured.authentication.RestAssuredAuthenticationTest"/>
</testsuite> <!-- Default test -->
