<?xml version="1.0" encoding="UTF-8"?>
<!-- Generated by org.testng.reporters.JUnitXMLReporter -->
<testsuite hostname="MLB-MYS-NMF-20" name="Command line test" tests="2" failures="0" timestamp="18 Mar 2016 14:39:09 GMT" time="4.687" errors="0">
  <testcase name="checkNumberOfAssociatedPaymentsIsEqualToZero" time="2.245" classname="com.ontestautomation.restassured.authentication.RestAssuredAuthenticationTest"/>
  <testcase name="checkUserInfoContainsUserId" time="2.43" classname="com.ontestautomation.restassured.authentication.RestAssuredAuthenticationTest"/>
</testsuite> <!-- Command line test -->
