<?xml version="1.0" encoding="UTF-8"?>
<!-- Generated by org.testng.reporters.JUnitXMLReporter -->
<testsuite hostname="MLB-MYS-NMF-20" name="Command line test" tests="4" failures="0" timestamp="19 Mar 2016 10:34:41 GMT" time="12.964" errors="0">
  <testcase name="f" time="0.001" classname="com.ontestautomation.restassured.authentication.AnotherTest"/>
  <testcase name="f" time="7.566" classname="com.ontestautomation.restassured.authentication.NewTest"/>
  <testcase name="checkNumberOfAssociatedPaymentsIsEqualToZero" time="2.168" classname="com.ontestautomation.restassured.authentication.RestAssuredAuthenticationTest"/>
  <testcase name="checkUserInfoContainsUserId" time="3.221" classname="com.ontestautomation.restassured.authentication.RestAssuredAuthenticationTest"/>
</testsuite> <!-- Command line test -->
