<?xml version="1.0" encoding="UTF-8"?>
<testng-results skipped="0" failed="0" total="4" passed="4">
  <reporter-output>
  </reporter-output>
  <suite name="Command line suite" duration-ms="12964" started-at="2016-03-19T10:34:28Z" finished-at="2016-03-19T10:34:41Z">
    <groups>
    </groups>
    <test name="Command line test" duration-ms="12964" started-at="2016-03-19T10:34:28Z" finished-at="2016-03-19T10:34:41Z">
      <class name="com.ontestautomation.restassured.authentication.AnotherTest">
        <test-method status="PASS" signature="f()[pri:0, instance:com.ontestautomation.restassured.authentication.AnotherTest@60f82f98]" name="f" duration-ms="1" started-at="2016-03-19T16:04:28Z" finished-at="2016-03-19T16:04:28Z">
          <reporter-output>
          </reporter-output>
        </test-method> <!-- f -->
      </class> <!-- com.ontestautomation.restassured.authentication.AnotherTest -->
      <class name="com.ontestautomation.restassured.authentication.NewTest">
        <test-method status="PASS" signature="beforeSuite(org.testng.ITestContext)[pri:0, instance:com.ontestautomation.restassured.authentication.NewTest@4411d970]" name="beforeSuite" is-config="true" duration-ms="9195" started-at="2016-03-19T16:04:10Z" finished-at="2016-03-19T16:04:19Z">
          <params>
            <param index="0">
              <value>
                <![CDATA[org.testng.TestRunner@40ab8a8]]>
              </value>
            </param>
          </params>
          <reporter-output>
          </reporter-output>
        </test-method> <!-- beforeSuite -->
        <test-method status="PASS" signature="requestToken(org.testng.ITestContext)[pri:0, instance:com.ontestautomation.restassured.authentication.RestAssuredAuthenticationTest@6442b0a6]" name="requestToken" is-config="true" duration-ms="8906" started-at="2016-03-19T16:04:19Z" finished-at="2016-03-19T16:04:28Z">
          <params>
            <param index="0">
              <value>
                <![CDATA[org.testng.TestRunner@40ab8a8]]>
              </value>
            </param>
          </params>
          <reporter-output>
          </reporter-output>
        </test-method> <!-- requestToken -->
        <test-method status="PASS" signature="f(org.testng.ITestContext)[pri:0, instance:com.ontestautomation.restassured.authentication.NewTest@4411d970]" name="f" duration-ms="7566" started-at="2016-03-19T16:04:28Z" finished-at="2016-03-19T16:04:36Z">
          <params>
            <param index="0">
              <value>
                <![CDATA[org.testng.TestRunner@40ab8a8]]>
              </value>
            </param>
          </params>
          <reporter-output>
          </reporter-output>
        </test-method> <!-- f -->
        <test-method status="PASS" signature="afterSuite(org.testng.ITestContext)[pri:0, instance:com.ontestautomation.restassured.authentication.NewTest@4411d970]" name="afterSuite" is-config="true" duration-ms="1202" started-at="2016-03-19T16:04:41Z" finished-at="2016-03-19T16:04:43Z">
          <params>
            <param index="0">
              <value>
                <![CDATA[org.testng.TestRunner@40ab8a8]]>
              </value>
            </param>
          </params>
          <reporter-output>
          </reporter-output>
        </test-method> <!-- afterSuite -->
      </class> <!-- com.ontestautomation.restassured.authentication.NewTest -->
      <class name="com.ontestautomation.restassured.authentication.RestAssuredAuthenticationTest">
        <test-method status="PASS" signature="checkNumberOfAssociatedPaymentsIsEqualToZero(org.testng.ITestContext)[pri:0, instance:com.ontestautomation.restassured.authentication.RestAssuredAuthenticationTest@6442b0a6]" name="checkNumberOfAssociatedPaymentsIsEqualToZero" duration-ms="2168" started-at="2016-03-19T16:04:36Z" finished-at="2016-03-19T16:04:38Z">
          <params>
            <param index="0">
              <value>
                <![CDATA[org.testng.TestRunner@40ab8a8]]>
              </value>
            </param>
          </params>
          <reporter-output>
          </reporter-output>
        </test-method> <!-- checkNumberOfAssociatedPaymentsIsEqualToZero -->
        <test-method status="PASS" signature="checkUserInfoContainsUserId(org.testng.ITestContext)[pri:0, instance:com.ontestautomation.restassured.authentication.RestAssuredAuthenticationTest@6442b0a6]" name="checkUserInfoContainsUserId" duration-ms="3221" started-at="2016-03-19T16:04:38Z" finished-at="2016-03-19T16:04:41Z">
          <params>
            <param index="0">
              <value>
                <![CDATA[org.testng.TestRunner@40ab8a8]]>
              </value>
            </param>
          </params>
          <reporter-output>
          </reporter-output>
        </test-method> <!-- checkUserInfoContainsUserId -->
      </class> <!-- com.ontestautomation.restassured.authentication.RestAssuredAuthenticationTest -->
    </test> <!-- Command line test -->
  </suite> <!-- Command line suite -->
</testng-results>
